
> web@0.1.0 build E:\My Company\my-company\apps\web
> next build

   ▲ Next.js 15.1.6

   Creating an optimized production build ...
 ✓ Compiled successfully
   Linting and checking validity of types ...
   Collecting page data ...
   Generating static pages (0/5) ...
   Generating static pages (1/5) 
   Generating static pages (2/5) 
   Generating static pages (3/5) 
 ✓ Generating static pages (5/5)
   Finalizing page optimization ...
   Collecting build traces ...

Route (app)                              Size     First Load JS
┌ ○ /                                    47.7 kB         164 kB
└ ○ /_not-found                          137 B           106 kB
+ First Load JS shared by all            105 kB
  ├ chunks/0f77e470-e2a358ea6f383ced.js  52.9 kB
  ├ chunks/659-32bf65dbcce69839.js       50.5 kB
  └ other shared chunks (total)          1.99 kB


○  (Static)  prerendered as static content

